#-----------------------------------------------------------
# Vivado v2014.1 (64-bit)
# SW Build 881834 on Fri Apr  4 14:15:54 MDT 2014
# IP Build 877625 on Fri Mar 28 16:29:15 MDT 2014
# Start of session at: Thu Feb 26 00:58:42 2015
# Process ID: 8032
# Log file: C:/Xilinx_proj/ip_repo/ov7670_cam_1.0/ov7670_cam_v1_0_project/vivado.log
# Journal file: C:/Xilinx_proj/ip_repo/ov7670_cam_1.0/ov7670_cam_v1_0_project\vivado.jou
#-----------------------------------------------------------
start_gui
open_project {C:\Xilinx_proj\ip_repo\ov7670_cam_1.0\ov7670_cam_v1_0_project\ov7670_cam_v1_0_project.xpr}
INFO: [Project 1-313] Project file moved from 'd:/xilinx_proj/ip_repo/ov7670_cam_1.0/ov7670_cam_v1_0_project' since last save.
WARNING: [filemgmt 56-2] IP Repository Path: Could not find the directory 'C:/Xilinx_proj/ip_repo/myip_1.0', nor could it be found using path 'd:/Xilinx_proj/ip_repo/myip_1.0'.
WARNING: [filemgmt 56-2] IP Repository Path: Could not find the directory 'C:/Xilinx_proj/ip_repo/ov7670_1.0', nor could it be found using path 'd:/Xilinx_proj/ip_repo/ov7670_1.0'.
WARNING: [filemgmt 56-2] IP Repository Path: Could not find the directory 'C:/Xilinx_proj/ip_repo/ov7670_1.0', nor could it be found using path 'd:/xilinx_proj/ip_repo/ov7670_1.0'.
WARNING: [filemgmt 56-2] IP Repository Path: Could not find the directory 'C:/Xilinx_proj/ip_repo/myip_1.0', nor could it be found using path 'd:/Xilinx_proj/ip_repo/myip_1.0'.
WARNING: [filemgmt 56-2] IP Repository Path: Could not find the directory 'C:/Xilinx_proj/ip_repo/ov7670_1.0', nor could it be found using path 'd:/Xilinx_proj/ip_repo/ov7670_1.0'.
WARNING: [filemgmt 56-2] IP Repository Path: Could not find the directory 'C:/Xilinx_proj/ip_repo/ov7670_1.0', nor could it be found using path 'd:/xilinx_proj/ip_repo/ov7670_1.0'.
WARNING: [filemgmt 56-2] IP Repository Path: Could not find the directory 'C:/Xilinx_proj/ip_repo/myip_1.0', nor could it be found using path 'd:/Xilinx_proj/ip_repo/myip_1.0'.
WARNING: [filemgmt 56-2] IP Repository Path: Could not find the directory 'C:/Xilinx_proj/ip_repo/ov7670_1.0', nor could it be found using path 'd:/Xilinx_proj/ip_repo/ov7670_1.0'.
WARNING: [filemgmt 56-2] IP Repository Path: Could not find the directory 'C:/Xilinx_proj/ip_repo/ov7670_1.0', nor could it be found using path 'd:/xilinx_proj/ip_repo/ov7670_1.0'.
WARNING: [filemgmt 56-2] IP Repository Path: Could not find the directory 'C:/Xilinx_proj/ip_repo/myip_1.0', nor could it be found using path 'd:/Xilinx_proj/ip_repo/myip_1.0'.
WARNING: [filemgmt 56-2] IP Repository Path: Could not find the directory 'C:/Xilinx_proj/ip_repo/ov7670_1.0', nor could it be found using path 'd:/Xilinx_proj/ip_repo/ov7670_1.0'.
WARNING: [filemgmt 56-2] IP Repository Path: Could not find the directory 'C:/Xilinx_proj/ip_repo/ov7670_1.0', nor could it be found using path 'd:/xilinx_proj/ip_repo/ov7670_1.0'.
WARNING: [filemgmt 56-2] IP Repository Path: Could not find the directory 'C:/Xilinx_proj/ip_repo/myip_1.0', nor could it be found using path 'd:/Xilinx_proj/ip_repo/myip_1.0'.
WARNING: [filemgmt 56-2] IP Repository Path: Could not find the directory 'C:/Xilinx_proj/ip_repo/ov7670_1.0', nor could it be found using path 'd:/Xilinx_proj/ip_repo/ov7670_1.0'.
WARNING: [filemgmt 56-2] IP Repository Path: Could not find the directory 'C:/Xilinx_proj/ip_repo/ov7670_1.0', nor could it be found using path 'd:/xilinx_proj/ip_repo/ov7670_1.0'.
WARNING: [filemgmt 56-2] IP Repository Path: Could not find the directory 'C:/Xilinx_proj/ip_repo/myip_1.0', nor could it be found using path 'd:/Xilinx_proj/ip_repo/myip_1.0'.
WARNING: [filemgmt 56-2] IP Repository Path: Could not find the directory 'C:/Xilinx_proj/ip_repo/ov7670_1.0', nor could it be found using path 'd:/Xilinx_proj/ip_repo/ov7670_1.0'.
WARNING: [filemgmt 56-2] IP Repository Path: Could not find the directory 'C:/Xilinx_proj/ip_repo/ov7670_1.0', nor could it be found using path 'd:/xilinx_proj/ip_repo/ov7670_1.0'.
WARNING: [filemgmt 56-2] IP Repository Path: Could not find the directory 'C:/Xilinx_proj/ip_repo/myip_1.0', nor could it be found using path 'd:/Xilinx_proj/ip_repo/myip_1.0'.
WARNING: [filemgmt 56-2] IP Repository Path: Could not find the directory 'C:/Xilinx_proj/ip_repo/ov7670_1.0', nor could it be found using path 'd:/Xilinx_proj/ip_repo/ov7670_1.0'.
WARNING: [filemgmt 56-2] IP Repository Path: Could not find the directory 'C:/Xilinx_proj/ip_repo/ov7670_1.0', nor could it be found using path 'd:/xilinx_proj/ip_repo/ov7670_1.0'.
Scanning sources...
Finished scanning sources
exit
INFO: [Common 17-206] Exiting Vivado at Thu Feb 26 01:06:56 2015...
