#-----------------------------------------------------------
# Vivado v2014.1 (64-bit)
# SW Build 881834 on Fri Apr  4 14:12:35 MDT 2014
# IP Build 877625 on Fri Mar 28 16:29:15 MDT 2014
# Start of session at: Thu Feb 19 23:13:14 2015
# Process ID: 11240
# Log file: D:/Xilinx_proj/ip_repo/ov7670_cam_1.0/ov7670_cam_v1_0_project/vivado.log
# Journal file: D:/Xilinx_proj/ip_repo/ov7670_cam_1.0/ov7670_cam_v1_0_project\vivado.jou
#-----------------------------------------------------------
start_gui
open_project {D:\Xilinx_proj\ip_repo\ov7670_cam_1.0\ov7670_cam_v1_0_project\ov7670_cam_v1_0_project.xpr}
WARNING: [filemgmt 56-3] IP Repository Path: Could not find the directory 'D:/Xilinx_proj/ip_repo/myip_1.0'.
WARNING: [filemgmt 56-3] IP Repository Path: Could not find the directory 'D:/Xilinx_proj/ip_repo/ov7670_1.0'.
WARNING: [filemgmt 56-3] IP Repository Path: Could not find the directory 'D:/Xilinx_proj/ip_repo/ov7670_1.0'.
WARNING: [filemgmt 56-3] IP Repository Path: Could not find the directory 'D:/Xilinx_proj/ip_repo/myip_1.0'.
WARNING: [filemgmt 56-3] IP Repository Path: Could not find the directory 'D:/Xilinx_proj/ip_repo/ov7670_1.0'.
WARNING: [filemgmt 56-3] IP Repository Path: Could not find the directory 'D:/Xilinx_proj/ip_repo/ov7670_1.0'.
Scanning sources...
Finished scanning sourcesipx::open_ipxact_file {D:/Xilinx_proj/ip_repo/ov7670_cam_1.0/component.xml}
INFO: [IP_Flow 19-234] Refreshing IP repositories
INFO: [IP_Flow 19-1700] Loaded user IP repository 'd:/Xilinx_proj/ip_repo/ov7670_cam_1.0'.
WARNING: [IP_Flow 19-3656] If you move the project, the path for repository 'd:/Xilinx_proj/ip_repo/ov7670_cam_1.0' may become invalid. A better location for the repostory would be in a path adjacent to the project. (Current project location is 'd:/Xilinx_proj/ip_repo/ov7670_cam_1.0/ov7670_cam_v1_0_project'.)
WARNING: [IP_Flow 19-2248] Failed to load user IP repository 'd:/Xilinx_proj/ip_repo/myip_1.0'; Can't find the specified path.
If this directory should no longer be in your list of user repositories, go to the IP Settings dialog and remove it.
WARNING: [IP_Flow 19-2248] Failed to load user IP repository 'd:/Xilinx_proj/ip_repo/ov7670_1.0'; Can't find the specified path.
If this directory should no longer be in your list of user repositories, go to the IP Settings dialog and remove it.
WARNING: [IP_Flow 19-2207] Repository 'd:/Xilinx_proj/ip_repo/ov7670_1.0' already exists; ignoring attempt to add it again.
WARNING: [IP_Flow 19-2248] Failed to load user IP repository 'd:/Xilinx_proj/ip_repo/ov7670_1.0'; Can't find the specified path.
If this directory should no longer be in your list of user repositories, go to the IP Settings dialog and remove it.
WARNING: [IP_Flow 19-2207] Repository 'd:/Xilinx_proj/ip_repo/ov7670_cam_1.0' already exists; ignoring attempt to add it again.
INFO: [IP_Flow 19-1700] Loaded user IP repository 'd:/Xilinx_proj/ip_repo/ov7670_cam_1.0'.
WARNING: [IP_Flow 19-3656] If you move the project, the path for repository 'd:/Xilinx_proj/ip_repo/ov7670_cam_1.0' may become invalid. A better location for the repostory would be in a path adjacent to the project. (Current project location is 'd:/Xilinx_proj/ip_repo/ov7670_cam_1.0/ov7670_cam_v1_0_project'.)
WARNING: [IP_Flow 19-2207] Repository 'd:/Xilinx_proj/ip_repo/ov7670_cam_1.0' already exists; ignoring attempt to add it again.
INFO: [IP_Flow 19-1700] Loaded user IP repository 'd:/Xilinx_proj/ip_repo/ov7670_cam_1.0'.
WARNING: [IP_Flow 19-3656] If you move the project, the path for repository 'd:/Xilinx_proj/ip_repo/ov7670_cam_1.0' may become invalid. A better location for the repostory would be in a path adjacent to the project. (Current project location is 'd:/Xilinx_proj/ip_repo/ov7670_cam_1.0/ov7670_cam_v1_0_project'.)
WARNING: [IP_Flow 19-2207] Repository 'd:/Xilinx_proj/ip_repo/ov7670_cam_1.0' already exists; ignoring attempt to add it again.
INFO: [IP_Flow 19-1700] Loaded user IP repository 'd:/Xilinx_proj/ip_repo/ov7670_cam_1.0'.
WARNING: [IP_Flow 19-3656] If you move the project, the path for repository 'd:/Xilinx_proj/ip_repo/ov7670_cam_1.0' may become invalid. A better location for the repostory would be in a path adjacent to the project. (Current project location is 'd:/Xilinx_proj/ip_repo/ov7670_cam_1.0/ov7670_cam_v1_0_project'.)
WARNING: [IP_Flow 19-2207] Repository 'd:/Xilinx_proj/ip_repo/myip_1.0' already exists; ignoring attempt to add it again.
WARNING: [IP_Flow 19-2248] Failed to load user IP repository 'd:/Xilinx_proj/ip_repo/myip_1.0'; Can't find the specified path.
If this directory should no longer be in your list of user repositories, go to the IP Settings dialog and remove it.
WARNING: [IP_Flow 19-2207] Repository 'd:/Xilinx_proj/ip_repo/ov7670_1.0' already exists; ignoring attempt to add it again.
WARNING: [IP_Flow 19-2248] Failed to load user IP repository 'd:/Xilinx_proj/ip_repo/ov7670_1.0'; Can't find the specified path.
If this directory should no longer be in your list of user repositories, go to the IP Settings dialog and remove it.
WARNING: [IP_Flow 19-2207] Repository 'd:/Xilinx_proj/ip_repo/ov7670_1.0' already exists; ignoring attempt to add it again.
WARNING: [IP_Flow 19-2248] Failed to load user IP repository 'd:/Xilinx_proj/ip_repo/ov7670_1.0'; Can't find the specified path.
If this directory should no longer be in your list of user repositories, go to the IP Settings dialog and remove it.
WARNING: [IP_Flow 19-2207] Repository 'd:/Xilinx_proj/ip_repo/ov7670_cam_1.0' already exists; ignoring attempt to add it again.
INFO: [IP_Flow 19-1700] Loaded user IP repository 'd:/Xilinx_proj/ip_repo/ov7670_cam_1.0'.
WARNING: [IP_Flow 19-3656] If you move the project, the path for repository 'd:/Xilinx_proj/ip_repo/ov7670_cam_1.0' may become invalid. A better location for the repostory would be in a path adjacent to the project. (Current project location is 'd:/Xilinx_proj/ip_repo/ov7670_cam_1.0/ov7670_cam_v1_0_project'.)
WARNING: [IP_Flow 19-2207] Repository 'd:/Xilinx_proj/ip_repo/ov7670_cam_1.0' already exists; ignoring attempt to add it again.
INFO: [IP_Flow 19-1700] Loaded user IP repository 'd:/Xilinx_proj/ip_repo/ov7670_cam_1.0'.
WARNING: [IP_Flow 19-3656] If you move the project, the path for repository 'd:/Xilinx_proj/ip_repo/ov7670_cam_1.0' may become invalid. A better location for the repostory would be in a path adjacent to the project. (Current project location is 'd:/Xilinx_proj/ip_repo/ov7670_cam_1.0/ov7670_cam_v1_0_project'.)
INFO: [IP_Flow 19-2313] Loaded Vivado IP repository 'D:/Xilinx/Vivado/2014.1/data/ip'.
ipx::create_xgui_files [ipx::current_core]
ipx::update_checksums [ipx::current_core]
ipx::save_core [ipx::current_core]
ipx::remove_all_port [ipx::current_core]
ipx::add_ports_from_hdl [ipx::current_core] -top_level_hdl_file {D:/Xilinx_proj/ip_repo/ov7670_cam_1.0/hdl/ov7670_cam_v1_0.v} -top_module_name {ov7670_cam_v1_0}
INFO: [IP_Flow 19-2418] Expression "((C_M00_AXI_DATA_WIDTH / 8) - 1)": Will not convert operator '/' to XPATH 'div' to allow integer division if applicable.
INFO: [IP_Flow 19-2418] Expression "((C_S01_AXI_DATA_WIDTH / 8) - 1)": Will not convert operator '/' to XPATH 'div' to allow integer division if applicable.
ipx::create_xgui_files [ipx::current_core]
ipx::update_checksums [ipx::current_core]
ipx::save_core [ipx::current_core]
launch_runs synth_1
INFO: [HDL 9-1654] Analyzing Verilog file "D:/Xilinx_proj/ip_repo/ov7670_cam_1.0/hdl/ov7670_cam_v1_0.v" into library work [D:/Xilinx_proj/ip_repo/ov7670_cam_1.0/hdl/ov7670_cam_v1_0.v:1]
INFO: [HDL 9-1654] Analyzing Verilog file "D:/Xilinx_proj/ip_repo/ov7670_cam_1.0/hdl/ov7670_cam_v1_0_M00_AXI.v" into library work [D:/Xilinx_proj/ip_repo/ov7670_cam_1.0/hdl/ov7670_cam_v1_0_M00_AXI.v:1]
INFO: [HDL 9-1654] Analyzing Verilog file "D:/Xilinx_proj/ip_repo/ov7670_cam_1.0/hdl/ov7670_cam_v1_0_S01_AXI.v" into library work [D:/Xilinx_proj/ip_repo/ov7670_cam_1.0/hdl/ov7670_cam_v1_0_S01_AXI.v:1]
[Thu Feb 19 23:18:05 2015] Launched synth_1...
Run output will be captured here: D:/Xilinx_proj/ip_repo/ov7670_cam_1.0/ov7670_cam_v1_0_project/ov7670_cam_v1_0_project.runs/synth_1/runme.log
ipx::update_checksums [ipx::current_core]
ipx::save_core [ipx::current_core]
update_ip_catalog -rebuild -repo_path d:/Xilinx_proj/ip_repo/ov7670_cam_1.0
INFO: [IP_Flow 19-725] Reloaded user IP repository 'd:/Xilinx_proj/ip_repo/ov7670_cam_1.0'
ipx::update_checksums [ipx::current_core]
ipx::save_core [ipx::current_core]
update_ip_catalog -rebuild -repo_path d:/Xilinx_proj/ip_repo/ov7670_cam_1.0
INFO: [IP_Flow 19-725] Reloaded user IP repository 'd:/Xilinx_proj/ip_repo/ov7670_cam_1.0'
exit
INFO: [Common 17-206] Exiting Vivado at Fri Feb 20 00:34:11 2015...
