#-----------------------------------------------------------
# Vivado v2014.1 (64-bit)
# SW Build 881834 on Fri Apr  4 14:12:35 MDT 2014
# IP Build 877625 on Fri Mar 28 16:29:15 MDT 2014
# Start of session at: Sat Feb 21 01:39:45 2015
# Process ID: 7756
# Log file: D:/Xilinx_proj/ip_repo/ov7670_cam_1.0/ov7670_cam_v1_0_project/vivado.log
# Journal file: D:/Xilinx_proj/ip_repo/ov7670_cam_1.0/ov7670_cam_v1_0_project\vivado.jou
#-----------------------------------------------------------
start_gui
open_project {D:\Xilinx_proj\ip_repo\ov7670_cam_1.0\ov7670_cam_v1_0_project\ov7670_cam_v1_0_project.xpr}
WARNING: [filemgmt 56-3] IP Repository Path: Could not find the directory 'D:/Xilinx_proj/ip_repo/myip_1.0'.
WARNING: [filemgmt 56-3] IP Repository Path: Could not find the directory 'D:/Xilinx_proj/ip_repo/ov7670_1.0'.
WARNING: [filemgmt 56-3] IP Repository Path: Could not find the directory 'D:/Xilinx_proj/ip_repo/ov7670_1.0'.
WARNING: [filemgmt 56-3] IP Repository Path: Could not find the directory 'D:/Xilinx_proj/ip_repo/myip_1.0'.
WARNING: [filemgmt 56-3] IP Repository Path: Could not find the directory 'D:/Xilinx_proj/ip_repo/ov7670_1.0'.
WARNING: [filemgmt 56-3] IP Repository Path: Could not find the directory 'D:/Xilinx_proj/ip_repo/ov7670_1.0'.
WARNING: [filemgmt 56-3] IP Repository Path: Could not find the directory 'D:/Xilinx_proj/ip_repo/myip_1.0'.
WARNING: [filemgmt 56-3] IP Repository Path: Could not find the directory 'D:/Xilinx_proj/ip_repo/ov7670_1.0'.
WARNING: [filemgmt 56-3] IP Repository Path: Could not find the directory 'D:/Xilinx_proj/ip_repo/ov7670_1.0'.
Scanning sources...
Finished scanning sources
ipx::open_ipxact_file {D:/Xilinx_proj/ip_repo/ov7670_cam_1.0/component.xml}
INFO: [IP_Flow 19-234] Refreshing IP repositories
INFO: [IP_Flow 19-1700] Loaded user IP repository 'd:/Xilinx_proj/ip_repo/ov7670_cam_1.0'.
WARNING: [IP_Flow 19-3656] If you move the project, the path for repository 'd:/Xilinx_proj/ip_repo/ov7670_cam_1.0' may become invalid. A better location for the repostory would be in a path adjacent to the project. (Current project location is 'd:/Xilinx_proj/ip_repo/ov7670_cam_1.0/ov7670_cam_v1_0_project'.)
WARNING: [IP_Flow 19-2248] Failed to load user IP repository 'd:/Xilinx_proj/ip_repo/myip_1.0'; Can't find the specified path.
If this directory should no longer be in your list of user repositories, go to the IP Settings dialog and remove it.
WARNING: [IP_Flow 19-2248] Failed to load user IP repository 'd:/Xilinx_proj/ip_repo/ov7670_1.0'; Can't find the specified path.
If this directory should no longer be in your list of user repositories, go to the IP Settings dialog and remove it.
WARNING: [IP_Flow 19-2207] Repository 'd:/Xilinx_proj/ip_repo/ov7670_1.0' already exists; ignoring attempt to add it again.
WARNING: [IP_Flow 19-2248] Failed to load user IP repository 'd:/Xilinx_proj/ip_repo/ov7670_1.0'; Can't find the specified path.
If this directory should no longer be in your list of user repositories, go to the IP Settings dialog and remove it.
WARNING: [IP_Flow 19-2207] Repository 'd:/Xilinx_proj/ip_repo/ov7670_cam_1.0' already exists; ignoring attempt to add it again.
INFO: [IP_Flow 19-1700] Loaded user IP repository 'd:/Xilinx_proj/ip_repo/ov7670_cam_1.0'.
WARNING: [IP_Flow 19-3656] If you move the project, the path for repository 'd:/Xilinx_proj/ip_repo/ov7670_cam_1.0' may become invalid. A better location for the repostory would be in a path adjacent to the project. (Current project location is 'd:/Xilinx_proj/ip_repo/ov7670_cam_1.0/ov7670_cam_v1_0_project'.)
WARNING: [IP_Flow 19-2207] Repository 'd:/Xilinx_proj/ip_repo/ov7670_cam_1.0' already exists; ignoring attempt to add it again.
INFO: [IP_Flow 19-1700] Loaded user IP repository 'd:/Xilinx_proj/ip_repo/ov7670_cam_1.0'.
WARNING: [IP_Flow 19-3656] If you move the project, the path for repository 'd:/Xilinx_proj/ip_repo/ov7670_cam_1.0' may become invalid. A better location for the repostory would be in a path adjacent to the project. (Current project location is 'd:/Xilinx_proj/ip_repo/ov7670_cam_1.0/ov7670_cam_v1_0_project'.)
WARNING: [IP_Flow 19-2207] Repository 'd:/Xilinx_proj/ip_repo/ov7670_cam_1.0' already exists; ignoring attempt to add it again.
INFO: [IP_Flow 19-1700] Loaded user IP repository 'd:/Xilinx_proj/ip_repo/ov7670_cam_1.0'.
WARNING: [IP_Flow 19-3656] If you move the project, the path for repository 'd:/Xilinx_proj/ip_repo/ov7670_cam_1.0' may become invalid. A better location for the repostory would be in a path adjacent to the project. (Current project location is 'd:/Xilinx_proj/ip_repo/ov7670_cam_1.0/ov7670_cam_v1_0_project'.)
WARNING: [IP_Flow 19-2207] Repository 'd:/Xilinx_proj/ip_repo/ov7670_cam_1.0' already exists; ignoring attempt to add it again.
INFO: [IP_Flow 19-1700] Loaded user IP repository 'd:/Xilinx_proj/ip_repo/ov7670_cam_1.0'.
WARNING: [IP_Flow 19-3656] If you move the project, the path for repository 'd:/Xilinx_proj/ip_repo/ov7670_cam_1.0' may become invalid. A better location for the repostory would be in a path adjacent to the project. (Current project location is 'd:/Xilinx_proj/ip_repo/ov7670_cam_1.0/ov7670_cam_v1_0_project'.)
WARNING: [IP_Flow 19-2207] Repository 'd:/Xilinx_proj/ip_repo/ov7670_cam_1.0' already exists; ignoring attempt to add it again.
INFO: [IP_Flow 19-1700] Loaded user IP repository 'd:/Xilinx_proj/ip_repo/ov7670_cam_1.0'.
WARNING: [IP_Flow 19-3656] If you move the project, the path for repository 'd:/Xilinx_proj/ip_repo/ov7670_cam_1.0' may become invalid. A better location for the repostory would be in a path adjacent to the project. (Current project location is 'd:/Xilinx_proj/ip_repo/ov7670_cam_1.0/ov7670_cam_v1_0_project'.)
WARNING: [IP_Flow 19-2207] Repository 'd:/Xilinx_proj/ip_repo/myip_1.0' already exists; ignoring attempt to add it again.
WARNING: [IP_Flow 19-2248] Failed to load user IP repository 'd:/Xilinx_proj/ip_repo/myip_1.0'; Can't find the specified path.
If this directory should no longer be in your list of user repositories, go to the IP Settings dialog and remove it.
WARNING: [IP_Flow 19-2207] Repository 'd:/Xilinx_proj/ip_repo/ov7670_1.0' already exists; ignoring attempt to add it again.
WARNING: [IP_Flow 19-2248] Failed to load user IP repository 'd:/Xilinx_proj/ip_repo/ov7670_1.0'; Can't find the specified path.
If this directory should no longer be in your list of user repositories, go to the IP Settings dialog and remove it.
WARNING: [IP_Flow 19-2207] Repository 'd:/Xilinx_proj/ip_repo/ov7670_1.0' already exists; ignoring attempt to add it again.
WARNING: [IP_Flow 19-2248] Failed to load user IP repository 'd:/Xilinx_proj/ip_repo/ov7670_1.0'; Can't find the specified path.
If this directory should no longer be in your list of user repositories, go to the IP Settings dialog and remove it.
WARNING: [IP_Flow 19-2207] Repository 'd:/Xilinx_proj/ip_repo/ov7670_cam_1.0' already exists; ignoring attempt to add it again.
INFO: [IP_Flow 19-1700] Loaded user IP repository 'd:/Xilinx_proj/ip_repo/ov7670_cam_1.0'.
WARNING: [IP_Flow 19-3656] If you move the project, the path for repository 'd:/Xilinx_proj/ip_repo/ov7670_cam_1.0' may become invalid. A better location for the repostory would be in a path adjacent to the project. (Current project location is 'd:/Xilinx_proj/ip_repo/ov7670_cam_1.0/ov7670_cam_v1_0_project'.)
WARNING: [IP_Flow 19-2207] Repository 'd:/Xilinx_proj/ip_repo/ov7670_cam_1.0' already exists; ignoring attempt to add it again.
INFO: [IP_Flow 19-1700] Loaded user IP repository 'd:/Xilinx_proj/ip_repo/ov7670_cam_1.0'.
WARNING: [IP_Flow 19-3656] If you move the project, the path for repository 'd:/Xilinx_proj/ip_repo/ov7670_cam_1.0' may become invalid. A better location for the repostory would be in a path adjacent to the project. (Current project location is 'd:/Xilinx_proj/ip_repo/ov7670_cam_1.0/ov7670_cam_v1_0_project'.)
WARNING: [IP_Flow 19-2207] Repository 'd:/Xilinx_proj/ip_repo/ov7670_cam_1.0' already exists; ignoring attempt to add it again.
INFO: [IP_Flow 19-1700] Loaded user IP repository 'd:/Xilinx_proj/ip_repo/ov7670_cam_1.0'.
WARNING: [IP_Flow 19-3656] If you move the project, the path for repository 'd:/Xilinx_proj/ip_repo/ov7670_cam_1.0' may become invalid. A better location for the repostory would be in a path adjacent to the project. (Current project location is 'd:/Xilinx_proj/ip_repo/ov7670_cam_1.0/ov7670_cam_v1_0_project'.)
WARNING: [IP_Flow 19-2207] Repository 'd:/Xilinx_proj/ip_repo/ov7670_cam_1.0' already exists; ignoring attempt to add it again.
INFO: [IP_Flow 19-1700] Loaded user IP repository 'd:/Xilinx_proj/ip_repo/ov7670_cam_1.0'.
WARNING: [IP_Flow 19-3656] If you move the project, the path for repository 'd:/Xilinx_proj/ip_repo/ov7670_cam_1.0' may become invalid. A better location for the repostory would be in a path adjacent to the project. (Current project location is 'd:/Xilinx_proj/ip_repo/ov7670_cam_1.0/ov7670_cam_v1_0_project'.)
WARNING: [IP_Flow 19-2207] Repository 'd:/Xilinx_proj/ip_repo/ov7670_cam_1.0' already exists; ignoring attempt to add it again.
INFO: [IP_Flow 19-1700] Loaded user IP repository 'd:/Xilinx_proj/ip_repo/ov7670_cam_1.0'.
WARNING: [IP_Flow 19-3656] If you move the project, the path for repository 'd:/Xilinx_proj/ip_repo/ov7670_cam_1.0' may become invalid. A better location for the repostory would be in a path adjacent to the project. (Current project location is 'd:/Xilinx_proj/ip_repo/ov7670_cam_1.0/ov7670_cam_v1_0_project'.)
WARNING: [IP_Flow 19-2207] Repository 'd:/Xilinx_proj/ip_repo/myip_1.0' already exists; ignoring attempt to add it again.
WARNING: [IP_Flow 19-2248] Failed to load user IP repository 'd:/Xilinx_proj/ip_repo/myip_1.0'; Can't find the specified path.
If this directory should no longer be in your list of user repositories, go to the IP Settings dialog and remove it.
WARNING: [IP_Flow 19-2207] Repository 'd:/Xilinx_proj/ip_repo/ov7670_1.0' already exists; ignoring attempt to add it again.
WARNING: [IP_Flow 19-2248] Failed to load user IP repository 'd:/Xilinx_proj/ip_repo/ov7670_1.0'; Can't find the specified path.
If this directory should no longer be in your list of user repositories, go to the IP Settings dialog and remove it.
WARNING: [IP_Flow 19-2207] Repository 'd:/Xilinx_proj/ip_repo/ov7670_1.0' already exists; ignoring attempt to add it again.
WARNING: [IP_Flow 19-2248] Failed to load user IP repository 'd:/Xilinx_proj/ip_repo/ov7670_1.0'; Can't find the specified path.
If this directory should no longer be in your list of user repositories, go to the IP Settings dialog and remove it.
WARNING: [IP_Flow 19-2207] Repository 'd:/Xilinx_proj/ip_repo/ov7670_cam_1.0' already exists; ignoring attempt to add it again.
INFO: [IP_Flow 19-1700] Loaded user IP repository 'd:/Xilinx_proj/ip_repo/ov7670_cam_1.0'.
WARNING: [IP_Flow 19-3656] If you move the project, the path for repository 'd:/Xilinx_proj/ip_repo/ov7670_cam_1.0' may become invalid. A better location for the repostory would be in a path adjacent to the project. (Current project location is 'd:/Xilinx_proj/ip_repo/ov7670_cam_1.0/ov7670_cam_v1_0_project'.)
WARNING: [IP_Flow 19-2207] Repository 'd:/Xilinx_proj/ip_repo/ov7670_cam_1.0' already exists; ignoring attempt to add it again.
INFO: [IP_Flow 19-1700] Loaded user IP repository 'd:/Xilinx_proj/ip_repo/ov7670_cam_1.0'.
WARNING: [IP_Flow 19-3656] If you move the project, the path for repository 'd:/Xilinx_proj/ip_repo/ov7670_cam_1.0' may become invalid. A better location for the repostory would be in a path adjacent to the project. (Current project location is 'd:/Xilinx_proj/ip_repo/ov7670_cam_1.0/ov7670_cam_v1_0_project'.)
WARNING: [IP_Flow 19-2207] Repository 'd:/Xilinx_proj/ip_repo/ov7670_cam_1.0' already exists; ignoring attempt to add it again.
INFO: [IP_Flow 19-1700] Loaded user IP repository 'd:/Xilinx_proj/ip_repo/ov7670_cam_1.0'.
WARNING: [IP_Flow 19-3656] If you move the project, the path for repository 'd:/Xilinx_proj/ip_repo/ov7670_cam_1.0' may become invalid. A better location for the repostory would be in a path adjacent to the project. (Current project location is 'd:/Xilinx_proj/ip_repo/ov7670_cam_1.0/ov7670_cam_v1_0_project'.)
WARNING: [IP_Flow 19-2207] Repository 'd:/Xilinx_proj/ip_repo/ov7670_cam_1.0' already exists; ignoring attempt to add it again.
INFO: [IP_Flow 19-1700] Loaded user IP repository 'd:/Xilinx_proj/ip_repo/ov7670_cam_1.0'.
WARNING: [IP_Flow 19-3656] If you move the project, the path for repository 'd:/Xilinx_proj/ip_repo/ov7670_cam_1.0' may become invalid. A better location for the repostory would be in a path adjacent to the project. (Current project location is 'd:/Xilinx_proj/ip_repo/ov7670_cam_1.0/ov7670_cam_v1_0_project'.)
INFO: [IP_Flow 19-2313] Loaded Vivado IP repository 'D:/Xilinx/Vivado/2014.1/data/ip'.
ipx::update_checksums [ipx::current_core]
ipx::save_core [ipx::current_core]
update_ip_catalog -rebuild -repo_path d:/Xilinx_proj/ip_repo/ov7670_cam_1.0
INFO: [IP_Flow 19-725] Reloaded user IP repository 'd:/Xilinx_proj/ip_repo/ov7670_cam_1.0'
exit
INFO: [Common 17-206] Exiting Vivado at Sat Feb 21 01:57:24 2015...
