Copyright 1986-2014 Xilinx, Inc. All Rights Reserved.
-------------------------------------------------------------------------------------------------------------------------
| Tool Version : Vivado v.2014.1 (win64) Build 881834 Fri Apr  4 14:12:35 MDT 2014
| Date         : Sat Feb 21 01:27:24 2015
| Host         : Lemongrass running 64-bit major release  (build 9200)
| Command      : report_utilization -file ov7670_cam_v1_0_utilization_synth.rpt -pb ov7670_cam_v1_0_utilization_synth.pb
| Design       : ov7670_cam_v1_0
| Device       : xc7a100t
| Design State : Synthesized
-------------------------------------------------------------------------------------------------------------------------

Utilization Design Information

Table of Contents
-----------------
1. Slice Logic
2. Memory
3. DSP
4. IO and GT Specific
5. Clocking
6. Specific Feature
7. Primitives
8. Black Boxes
9. Instantiated Netlists

1. Slice Logic
--------------

+-------------------------+------+-------+-----------+-------+
|        Site Type        | Used | Loced | Available | Util% |
+-------------------------+------+-------+-----------+-------+
| Slice LUTs*             |  291 |     0 |     63400 |  0.45 |
|   LUT as Logic          |  291 |     0 |     63400 |  0.45 |
|   LUT as Memory         |    0 |     0 |     19000 |  0.00 |
| Slice Registers         |  319 |     0 |    126800 |  0.25 |
|   Register as Flip Flop |  319 |     0 |    126800 |  0.25 |
|   Register as Latch     |    0 |     0 |    126800 |  0.00 |
| F7 Muxes                |    7 |     0 |     31700 |  0.02 |
| F8 Muxes                |    0 |     0 |     15850 |  0.00 |
+-------------------------+------+-------+-----------+-------+
* Warning! The Final LUT count, after physical optimizations and full implementation, is typically lower. Run opt_design after synthesis, if not already completed, for a more realistic count.


2. Memory
---------

+----------------+------+-------+-----------+-------+
|    Site Type   | Used | Loced | Available | Util% |
+----------------+------+-------+-----------+-------+
| Block RAM Tile |    0 |     0 |       135 |  0.00 |
|   RAMB36/FIFO* |    0 |     0 |       135 |  0.00 |
|   RAMB18       |    0 |     0 |       270 |  0.00 |
+----------------+------+-------+-----------+-------+
* Note: Each Block RAM Tile only has one FIFO logic available and therefore can accommodate only one FIFO36E1 or one FIFO18E1. However, if a FIFO18E1 occupies a Block RAM Tile, that tile can still accommodate a RAMB18E1


3. DSP
------

+-----------+------+-------+-----------+-------+
| Site Type | Used | Loced | Available | Util% |
+-----------+------+-------+-----------+-------+
| DSPs      |    0 |     0 |       240 |  0.00 |
+-----------+------+-------+-----------+-------+


4. IO and GT Specific
---------------------

+-----------------------------+------+-------+-----------+--------+
|          Site Type          | Used | Loced | Available |  Util% |
+-----------------------------+------+-------+-----------+--------+
| Bonded IOB                  |  226 |     0 |       210 | 107.61 |
| Bonded IPADs                |    0 |     0 |         2 |   0.00 |
| PHY_CONTROL                 |    0 |     0 |         6 |   0.00 |
| PHASER_REF                  |    0 |     0 |         6 |   0.00 |
| OUT_FIFO                    |    0 |     0 |        24 |   0.00 |
| IN_FIFO                     |    0 |     0 |        24 |   0.00 |
| IDELAYCTRL                  |    0 |     0 |         6 |   0.00 |
| IBUFGDS                     |    0 |     0 |       202 |   0.00 |
| PHASER_OUT/PHASER_OUT_PHY   |    0 |     0 |        24 |   0.00 |
| PHASER_IN/PHASER_IN_PHY     |    0 |     0 |        24 |   0.00 |
| IDELAYE2/IDELAYE2_FINEDELAY |    0 |     0 |       300 |   0.00 |
| ODELAYE2/ODELAYE2_FINEDELAY |    0 |     0 |         0 |   0.00 |
| IBUFDS_GTE2                 |    0 |     0 |         4 |   0.00 |
| ILOGIC                      |    0 |     0 |       210 |   0.00 |
| OLOGIC                      |    0 |     0 |       210 |   0.00 |
+-----------------------------+------+-------+-----------+--------+


5. Clocking
-----------

+------------+------+-------+-----------+-------+
|  Site Type | Used | Loced | Available | Util% |
+------------+------+-------+-----------+-------+
| BUFGCTRL   |    5 |     0 |        32 | 15.62 |
| BUFIO      |    0 |     0 |        24 |  0.00 |
| MMCME2_ADV |    0 |     0 |         6 |  0.00 |
| PLLE2_ADV  |    0 |     0 |         6 |  0.00 |
| BUFMRCE    |    0 |     0 |        12 |  0.00 |
| BUFHCE     |    0 |     0 |        96 |  0.00 |
| BUFR       |    0 |     0 |        24 |  0.00 |
+------------+------+-------+-----------+-------+


6. Specific Feature
-------------------

+-------------+------+-------+-----------+-------+
|  Site Type  | Used | Loced | Available | Util% |
+-------------+------+-------+-----------+-------+
| BSCANE2     |    0 |     0 |         4 |  0.00 |
| CAPTUREE2   |    0 |     0 |         1 |  0.00 |
| DNA_PORT    |    0 |     0 |         1 |  0.00 |
| EFUSE_USR   |    0 |     0 |         1 |  0.00 |
| FRAME_ECCE2 |    0 |     0 |         1 |  0.00 |
| ICAPE2      |    0 |     0 |         2 |  0.00 |
| PCIE_2_1    |    0 |     0 |         1 |  0.00 |
| STARTUPE2   |    0 |     0 |         1 |  0.00 |
| XADC        |    0 |     0 |         1 |  0.00 |
+-------------+------+-------+-----------+-------+


7. Primitives
-------------

+----------+------+---------------------+
| Ref Name | Used | Functional Category |
+----------+------+---------------------+
| FDRE     |  265 |        Flop & Latch |
| OBUF     |  158 |                  IO |
| LUT6     |  124 |                 LUT |
| LUT4     |   74 |                 LUT |
| IBUF     |   68 |                  IO |
| LUT1     |   60 |                 LUT |
| FDCE     |   46 |        Flop & Latch |
| LUT5     |   21 |                 LUT |
| CARRY4   |   18 |          CarryLogic |
| LUT2     |   16 |                 LUT |
| LUT3     |   13 |                 LUT |
| FDPE     |    8 |        Flop & Latch |
| MUXF7    |    7 |               MuxFx |
| BUFG     |    5 |               Clock |
| OBUFT    |    1 |                  IO |
+----------+------+---------------------+


8. Black Boxes
--------------

+----------+------+
| Ref Name | Used |
+----------+------+


9. Instantiated Netlists
------------------------

+----------+------+
| Ref Name | Used |
+----------+------+


