#-----------------------------------------------------------
# Vivado v2014.1 (64-bit)
# SW Build 881834 on Fri Apr  4 14:15:54 MDT 2014
# IP Build 877625 on Fri Mar 28 16:29:15 MDT 2014
# Start of session at: Wed Apr 01 23:58:01 2015
# Process ID: 12428
# Log file: C:/game_repo/ip_repo/myip_1.0/myip_v1_0_project/vivado.log
# Journal file: C:/game_repo/ip_repo/myip_1.0/myip_v1_0_project\vivado.jou
#-----------------------------------------------------------
start_gui
open_project {C:\game_repo\ip_repo\myip_1.0\myip_v1_0_project\myip_v1_0_project.xpr}
INFO: [Project 1-313] Project file moved from 'd:/game_repo/ip_repo/myip_1.0/myip_v1_0_project' since last save.
WARNING: [filemgmt 56-2] IP Repository Path: Could not find the directory 'C:/xilinx_proj/ip_repo/ovtop/ovtop.srcs/sources_1/imports/ovtop', nor could it be found using path 'd:/xilinx_proj/ip_repo/ovtop/ovtop.srcs/sources_1/imports/ovtop'.
WARNING: [filemgmt 56-2] IP Repository Path: Could not find the directory 'C:/xilinx_proj/ip_repo/ovtop/ovtop.srcs/sources_1/imports/ovtop', nor could it be found using path 'd:/xilinx_proj/ip_repo/ovtop/ovtop.srcs/sources_1/imports/ovtop'.
WARNING: [filemgmt 56-2] IP Repository Path: Could not find the directory 'C:/xilinx_proj/ip_repo/ovtop/ovtop.srcs/sources_1/imports/ovtop', nor could it be found using path 'd:/xilinx_proj/ip_repo/ovtop/ovtop.srcs/sources_1/imports/ovtop'.
Scanning sources...
Finished scanning sources
INFO: [IP_Flow 19-234] Refreshing IP repositories
WARNING: [IP_Flow 19-3685] Ignored loading user repository 'c:/game_repo/ip_repo/myip_1.0'. The path is contained within another repository.
WARNING: [IP_Flow 19-3685] Ignored loading user repository 'c:/game_repo/ip_repo/testip_1.0'. The path is contained within another repository.
WARNING: [IP_Flow 19-3685] Ignored loading user repository 'c:/game_repo/ip_repo/delta_calc_1.0'. The path is contained within another repository.
INFO: [IP_Flow 19-1700] Loaded user IP repository 'c:/game_repo/ip_repo'.
WARNING: [IP_Flow 19-3656] If you move the project, the path for repository 'c:/game_repo/ip_repo' may become invalid. A better location for the repostory would be in a path adjacent to the project. (Current project location is 'c:/game_repo/ip_repo/myip_1.0/myip_v1_0_project'.)
WARNING: [IP_Flow 19-2248] Failed to load user IP repository 'c:/xilinx_proj/ip_repo/ovtop/ovtop.srcs/sources_1/imports/ovtop'; Can't find the specified path.
If this directory should no longer be in your list of user repositories, go to the IP Settings dialog and remove it.
WARNING: [IP_Flow 19-2207] Repository 'c:/xilinx_proj/ip_repo/ovtop/ovtop.srcs/sources_1/imports/ovtop' already exists; ignoring attempt to add it again.
WARNING: [IP_Flow 19-2248] Failed to load user IP repository 'c:/xilinx_proj/ip_repo/ovtop/ovtop.srcs/sources_1/imports/ovtop'; Can't find the specified path.
If this directory should no longer be in your list of user repositories, go to the IP Settings dialog and remove it.
WARNING: [IP_Flow 19-2207] Repository 'c:/xilinx_proj/ip_repo/ovtop/ovtop.srcs/sources_1/imports/ovtop' already exists; ignoring attempt to add it again.
WARNING: [IP_Flow 19-2248] Failed to load user IP repository 'c:/xilinx_proj/ip_repo/ovtop/ovtop.srcs/sources_1/imports/ovtop'; Can't find the specified path.
If this directory should no longer be in your list of user repositories, go to the IP Settings dialog and remove it.
WARNING: [IP_Flow 19-3685] Ignored loading user repository 'c:/game_repo/ip_repo/ovtop/ovtop.srcs/sources_1/imports/ovtop'. The path is contained within another repository.
WARNING: [IP_Flow 19-2207] Repository 'c:/game_repo/ip_repo/delta_calc_1.0' already exists; ignoring attempt to add it again.
WARNING: [IP_Flow 19-3685] Ignored loading user repository 'c:/game_repo/ip_repo/delta_calc_1.0'. The path is contained within another repository.
WARNING: [IP_Flow 19-2207] Repository 'c:/game_repo/ip_repo/delta_calc_1.0' already exists; ignoring attempt to add it again.
WARNING: [IP_Flow 19-3685] Ignored loading user repository 'c:/game_repo/ip_repo/delta_calc_1.0'. The path is contained within another repository.
WARNING: [IP_Flow 19-2207] Repository 'c:/game_repo/ip_repo/delta_calc_1.0' already exists; ignoring attempt to add it again.
WARNING: [IP_Flow 19-3685] Ignored loading user repository 'c:/game_repo/ip_repo/delta_calc_1.0'. The path is contained within another repository.
WARNING: [IP_Flow 19-2207] Repository 'c:/game_repo/ip_repo/delta_calc_1.0' already exists; ignoring attempt to add it again.
WARNING: [IP_Flow 19-3685] Ignored loading user repository 'c:/game_repo/ip_repo/delta_calc_1.0'. The path is contained within another repository.
WARNING: [IP_Flow 19-2207] Repository 'c:/game_repo/ip_repo/delta_calc_1.0' already exists; ignoring attempt to add it again.
WARNING: [IP_Flow 19-3685] Ignored loading user repository 'c:/game_repo/ip_repo/delta_calc_1.0'. The path is contained within another repository.
WARNING: [IP_Flow 19-2207] Repository 'c:/game_repo/ip_repo/delta_calc_1.0' already exists; ignoring attempt to add it again.
WARNING: [IP_Flow 19-3685] Ignored loading user repository 'c:/game_repo/ip_repo/delta_calc_1.0'. The path is contained within another repository.
INFO: [IP_Flow 19-2313] Loaded Vivado IP repository 'C:/Xilinx/Vivado/2014.1/data/ip'.
update_ip_catalog -rebuild
INFO: [IP_Flow 19-234] Refreshing IP repositories
WARNING: [IP_Flow 19-3685] Ignored loading user repository 'c:/game_repo/ip_repo/myip_1.0'. The path is contained within another repository.
WARNING: [IP_Flow 19-3685] Ignored loading user repository 'c:/game_repo/ip_repo/testip_1.0'. The path is contained within another repository.
WARNING: [IP_Flow 19-3685] Ignored loading user repository 'c:/game_repo/ip_repo/delta_calc_1.0'. The path is contained within another repository.
INFO: [IP_Flow 19-1700] Loaded user IP repository 'c:/game_repo/ip_repo'.
WARNING: [IP_Flow 19-3656] If you move the project, the path for repository 'c:/game_repo/ip_repo' may become invalid. A better location for the repostory would be in a path adjacent to the project. (Current project location is 'c:/game_repo/ip_repo/myip_1.0/myip_v1_0_project'.)
WARNING: [IP_Flow 19-2248] Failed to load user IP repository 'c:/xilinx_proj/ip_repo/ovtop/ovtop.srcs/sources_1/imports/ovtop'; Can't find the specified path.
If this directory should no longer be in your list of user repositories, go to the IP Settings dialog and remove it.
WARNING: [IP_Flow 19-2207] Repository 'c:/xilinx_proj/ip_repo/ovtop/ovtop.srcs/sources_1/imports/ovtop' already exists; ignoring attempt to add it again.
WARNING: [IP_Flow 19-2248] Failed to load user IP repository 'c:/xilinx_proj/ip_repo/ovtop/ovtop.srcs/sources_1/imports/ovtop'; Can't find the specified path.
If this directory should no longer be in your list of user repositories, go to the IP Settings dialog and remove it.
WARNING: [IP_Flow 19-2207] Repository 'c:/xilinx_proj/ip_repo/ovtop/ovtop.srcs/sources_1/imports/ovtop' already exists; ignoring attempt to add it again.
WARNING: [IP_Flow 19-2248] Failed to load user IP repository 'c:/xilinx_proj/ip_repo/ovtop/ovtop.srcs/sources_1/imports/ovtop'; Can't find the specified path.
If this directory should no longer be in your list of user repositories, go to the IP Settings dialog and remove it.
WARNING: [IP_Flow 19-3685] Ignored loading user repository 'c:/game_repo/ip_repo/ovtop/ovtop.srcs/sources_1/imports/ovtop'. The path is contained within another repository.
WARNING: [IP_Flow 19-2207] Repository 'c:/game_repo/ip_repo/delta_calc_1.0' already exists; ignoring attempt to add it again.
WARNING: [IP_Flow 19-3685] Ignored loading user repository 'c:/game_repo/ip_repo/delta_calc_1.0'. The path is contained within another repository.
WARNING: [IP_Flow 19-2207] Repository 'c:/game_repo/ip_repo/delta_calc_1.0' already exists; ignoring attempt to add it again.
WARNING: [IP_Flow 19-3685] Ignored loading user repository 'c:/game_repo/ip_repo/delta_calc_1.0'. The path is contained within another repository.
WARNING: [IP_Flow 19-2207] Repository 'c:/game_repo/ip_repo/delta_calc_1.0' already exists; ignoring attempt to add it again.
WARNING: [IP_Flow 19-3685] Ignored loading user repository 'c:/game_repo/ip_repo/delta_calc_1.0'. The path is contained within another repository.
WARNING: [IP_Flow 19-2207] Repository 'c:/game_repo/ip_repo/delta_calc_1.0' already exists; ignoring attempt to add it again.
WARNING: [IP_Flow 19-3685] Ignored loading user repository 'c:/game_repo/ip_repo/delta_calc_1.0'. The path is contained within another repository.
WARNING: [IP_Flow 19-2207] Repository 'c:/game_repo/ip_repo/delta_calc_1.0' already exists; ignoring attempt to add it again.
WARNING: [IP_Flow 19-3685] Ignored loading user repository 'c:/game_repo/ip_repo/delta_calc_1.0'. The path is contained within another repository.
WARNING: [IP_Flow 19-2207] Repository 'c:/game_repo/ip_repo/delta_calc_1.0' already exists; ignoring attempt to add it again.
WARNING: [IP_Flow 19-3685] Ignored loading user repository 'c:/game_repo/ip_repo/delta_calc_1.0'. The path is contained within another repository.
exit
INFO: [Common 17-206] Exiting Vivado at Thu Apr 02 00:12:23 2015...
